This file contains any messages produced by compilers while
running configure, to aid debugging if configure makes a mistake.

It was created by configure, which was
generated by GNU Autoconf 2.69.  Invocation command line was

  $ ./configure 

## --------- ##
## Platform. ##
## --------- ##

hostname = jeanLaptop
uname -m = x86_64
uname -r = 3.5.0-21-generic
uname -s = Linux
uname -v = #32-Ubuntu SMP Tue Dec 11 18:51:59 UTC 2012

/usr/bin/uname -p = unknown
/bin/uname -X     = unknown

/bin/arch              = unknown
/usr/bin/arch -k       = unknown
/usr/convex/getsysinfo = unknown
/usr/bin/hostinfo      = unknown
/bin/machine           = unknown
/usr/bin/oslevel       = unknown
/bin/universe          = unknown

PATH: /usr/lib/lightdm/lightdm
PATH: /usr/local/sbin
PATH: /usr/local/bin
PATH: /usr/sbin
PATH: /usr/bin
PATH: /sbin
PATH: /bin
PATH: /usr/games
PATH: /usr/local/games


## ----------- ##
## Core tests. ##
## ----------- ##

configure:2318: checking for a BSD-compatible install
configure:2386: result: /usr/bin/install -c
configure:2397: checking whether build environment is sane
configure:2447: result: yes
configure:2588: checking for a thread-safe mkdir -p
configure:2627: result: /bin/mkdir -p
configure:2640: checking for gawk
configure:2670: result: no
configure:2640: checking for mawk
configure:2656: found /usr/bin/mawk
configure:2667: result: mawk
configure:2678: checking whether make sets $(MAKE)
configure:2700: result: yes
configure:2847: checking for g++
configure:2863: found /usr/bin/g++
configure:2874: result: g++
configure:2901: checking for C++ compiler version
configure:2910: g++ --version >&5
g++ (Ubuntu/Linaro 4.7.2-2ubuntu1) 4.7.2
Copyright (C) 2012 Free Software Foundation, Inc.
This is free software; see the source for copying conditions.  There is NO
warranty; not even for MERCHANTABILITY or FITNESS FOR A PARTICULAR PURPOSE.

configure:2921: $? = 0
configure:2910: g++ -v >&5
Using built-in specs.
COLLECT_GCC=g++
COLLECT_LTO_WRAPPER=/usr/lib/gcc/x86_64-linux-gnu/4.7/lto-wrapper
Target: x86_64-linux-gnu
Configured with: ../src/configure -v --with-pkgversion='Ubuntu/Linaro 4.7.2-2ubuntu1' --with-bugurl=file:///usr/share/doc/gcc-4.7/README.Bugs --enable-languages=c,c++,go,fortran,objc,obj-c++ --prefix=/usr --program-suffix=-4.7 --enable-shared --enable-linker-build-id --with-system-zlib --libexecdir=/usr/lib --without-included-gettext --enable-threads=posix --with-gxx-include-dir=/usr/include/c++/4.7 --libdir=/usr/lib --enable-nls --with-sysroot=/ --enable-clocale=gnu --enable-libstdcxx-debug --enable-libstdcxx-time=yes --enable-gnu-unique-object --enable-plugin --enable-objc-gc --disable-werror --with-arch-32=i686 --with-tune=generic --enable-checking=release --build=x86_64-linux-gnu --host=x86_64-linux-gnu --target=x86_64-linux-gnu
Thread model: posix
gcc version 4.7.2 (Ubuntu/Linaro 4.7.2-2ubuntu1) 
configure:2921: $? = 0
configure:2910: g++ -V >&5
g++: error: unrecognized command line option '-V'
g++: fatal error: no input files
compilation terminated.
configure:2921: $? = 4
configure:2910: g++ -qversion >&5
g++: error: unrecognized command line option '-qversion'
g++: fatal error: no input files
compilation terminated.
configure:2921: $? = 4
configure:2941: checking whether the C++ compiler works
configure:2963: g++    conftest.cpp  >&5
configure:2967: $? = 0
configure:3015: result: yes
configure:3018: checking for C++ compiler default output file name
configure:3020: result: a.out
configure:3026: checking for suffix of executables
configure:3033: g++ -o conftest    conftest.cpp  >&5
configure:3037: $? = 0
configure:3059: result: 
configure:3081: checking whether we are cross compiling
configure:3089: g++ -o conftest    conftest.cpp  >&5
configure:3093: $? = 0
configure:3100: ./conftest
configure:3104: $? = 0
configure:3119: result: no
configure:3124: checking for suffix of object files
configure:3146: g++ -c   conftest.cpp >&5
configure:3150: $? = 0
configure:3171: result: o
configure:3175: checking whether we are using the GNU C++ compiler
configure:3194: g++ -c   conftest.cpp >&5
configure:3194: $? = 0
configure:3203: result: yes
configure:3212: checking whether g++ accepts -g
configure:3232: g++ -c -g  conftest.cpp >&5
configure:3232: $? = 0
configure:3273: result: yes
configure:3307: checking for style of include used by make
configure:3335: result: GNU
configure:3361: checking dependency style of g++
configure:3472: result: gcc3
configure:3516: checking build system type
configure:3530: result: x86_64-unknown-linux-gnu
configure:3550: checking host system type
configure:3563: result: x86_64-unknown-linux-gnu
configure:3604: checking how to print strings
configure:3631: result: printf
configure:3700: checking for gcc
configure:3716: found /usr/bin/gcc
configure:3727: result: gcc
configure:3956: checking for C compiler version
configure:3965: gcc --version >&5
gcc (Ubuntu/Linaro 4.7.2-2ubuntu1) 4.7.2
Copyright (C) 2012 Free Software Foundation, Inc.
This is free software; see the source for copying conditions.  There is NO
warranty; not even for MERCHANTABILITY or FITNESS FOR A PARTICULAR PURPOSE.

configure:3976: $? = 0
configure:3965: gcc -v >&5
Using built-in specs.
COLLECT_GCC=gcc
COLLECT_LTO_WRAPPER=/usr/lib/gcc/x86_64-linux-gnu/4.7/lto-wrapper
Target: x86_64-linux-gnu
Configured with: ../src/configure -v --with-pkgversion='Ubuntu/Linaro 4.7.2-2ubuntu1' --with-bugurl=file:///usr/share/doc/gcc-4.7/README.Bugs --enable-languages=c,c++,go,fortran,objc,obj-c++ --prefix=/usr --program-suffix=-4.7 --enable-shared --enable-linker-build-id --with-system-zlib --libexecdir=/usr/lib --without-included-gettext --enable-threads=posix --with-gxx-include-dir=/usr/include/c++/4.7 --libdir=/usr/lib --enable-nls --with-sysroot=/ --enable-clocale=gnu --enable-libstdcxx-debug --enable-libstdcxx-time=yes --enable-gnu-unique-object --enable-plugin --enable-objc-gc --disable-werror --with-arch-32=i686 --with-tune=generic --enable-checking=release --build=x86_64-linux-gnu --host=x86_64-linux-gnu --target=x86_64-linux-gnu
Thread model: posix
gcc version 4.7.2 (Ubuntu/Linaro 4.7.2-2ubuntu1) 
configure:3976: $? = 0
configure:3965: gcc -V >&5
gcc: error: unrecognized command line option '-V'
gcc: fatal error: no input files
compilation terminated.
configure:3976: $? = 4
configure:3965: gcc -qversion >&5
gcc: error: unrecognized command line option '-qversion'
gcc: fatal error: no input files
compilation terminated.
configure:3976: $? = 4
configure:3980: checking whether we are using the GNU C compiler
configure:3999: gcc -c   conftest.c >&5
configure:3999: $? = 0
configure:4008: result: yes
configure:4017: checking whether gcc accepts -g
configure:4037: gcc -c -g  conftest.c >&5
configure:4037: $? = 0
configure:4078: result: yes
configure:4095: checking for gcc option to accept ISO C89
configure:4158: gcc  -c -g -O2  conftest.c >&5
configure:4158: $? = 0
configure:4171: result: none needed
configure:4193: checking dependency style of gcc
configure:4304: result: gcc3
configure:4319: checking for a sed that does not truncate output
configure:4383: result: /bin/sed
configure:4401: checking for grep that handles long lines and -e
configure:4459: result: /bin/grep
configure:4464: checking for egrep
configure:4526: result: /bin/grep -E
configure:4531: checking for fgrep
configure:4593: result: /bin/grep -F
configure:4628: checking for ld used by gcc
configure:4695: result: /usr/bin/ld
configure:4702: checking if the linker (/usr/bin/ld) is GNU ld
configure:4717: result: yes
configure:4729: checking for BSD- or MS-compatible name lister (nm)
configure:4778: result: /usr/bin/nm -B
configure:4908: checking the name lister (/usr/bin/nm -B) interface
configure:4915: g++ -c -g -O2  conftest.cpp >&5
configure:4918: /usr/bin/nm -B "conftest.o"
configure:4921: output
0000000000000000 B some_variable
configure:4928: result: BSD nm
configure:4931: checking whether ln -s works
configure:4935: result: yes
configure:4943: checking the maximum length of command line arguments
configure:5073: result: 1572864
configure:5090: checking whether the shell understands some XSI constructs
configure:5100: result: yes
configure:5104: checking whether the shell understands "+="
configure:5110: result: yes
configure:5145: checking how to convert x86_64-unknown-linux-gnu file names to x86_64-unknown-linux-gnu format
configure:5185: result: func_convert_file_noop
configure:5192: checking how to convert x86_64-unknown-linux-gnu file names to toolchain format
configure:5212: result: func_convert_file_noop
configure:5219: checking for /usr/bin/ld option to reload object files
configure:5226: result: -r
configure:5300: checking for objdump
configure:5316: found /usr/bin/objdump
configure:5327: result: objdump
configure:5359: checking how to recognize dependent libraries
configure:5561: result: pass_all
configure:5646: checking for dlltool
configure:5676: result: no
configure:5706: checking how to associate runtime and link libraries
configure:5733: result: printf %s\n
configure:5794: checking for ar
configure:5810: found /usr/bin/ar
configure:5821: result: ar
configure:5858: checking for archiver @FILE support
configure:5875: g++ -c -g -O2  conftest.cpp >&5
configure:5875: $? = 0
configure:5878: ar cru libconftest.a @conftest.lst >&5
configure:5881: $? = 0
configure:5886: ar cru libconftest.a @conftest.lst >&5
ar: conftest.o: No such file or directory
configure:5889: $? = 1
configure:5901: result: @
configure:5959: checking for strip
configure:5975: found /usr/bin/strip
configure:5986: result: strip
configure:6058: checking for ranlib
configure:6074: found /usr/bin/ranlib
configure:6085: result: ranlib
configure:6187: checking command to parse /usr/bin/nm -B output from gcc object
configure:6307: g++ -c -g -O2  conftest.cpp >&5
configure:6310: $? = 0
configure:6314: /usr/bin/nm -B conftest.o \| sed -n -e 's/^.*[ ]\([ABCDGIRSTW][ABCDGIRSTW]*\)[ ][ ]*\([_A-Za-z][_A-Za-z0-9]*\)$/\1 \2 \2/p' | sed '/ __gnu_lto/d' \> conftest.nm
configure:6317: $? = 0
configure:6383: g++ -o conftest -g -O2   conftest.cpp conftstm.o >&5
configure:6386: $? = 0
configure:6424: result: ok
configure:6461: checking for sysroot
configure:6491: result: no
configure:6569: g++ -c -g -O2  conftest.cpp >&5
configure:6572: $? = 0
configure:6748: checking for mt
configure:6764: found /bin/mt
configure:6775: result: mt
configure:6798: checking if mt is a manifest tool
configure:6804: mt '-?'
configure:6812: result: no
configure:7454: checking how to run the C preprocessor
configure:7485: gcc -E  conftest.c
configure:7485: $? = 0
configure:7499: gcc -E  conftest.c
conftest.c:11:28: fatal error: ac_nonexistent.h: No such file or directory
compilation terminated.
configure:7499: $? = 1
configure: failed program was:
| /* confdefs.h */
| #define PACKAGE_NAME ""
| #define PACKAGE_TARNAME ""
| #define PACKAGE_VERSION ""
| #define PACKAGE_STRING ""
| #define PACKAGE_BUGREPORT ""
| #define PACKAGE_URL ""
| #define PACKAGE "SampleApp"
| #define VERSION "0.1"
| /* end confdefs.h.  */
| #include <ac_nonexistent.h>
configure:7524: result: gcc -E
configure:7544: gcc -E  conftest.c
configure:7544: $? = 0
configure:7558: gcc -E  conftest.c
conftest.c:11:28: fatal error: ac_nonexistent.h: No such file or directory
compilation terminated.
configure:7558: $? = 1
configure: failed program was:
| /* confdefs.h */
| #define PACKAGE_NAME ""
| #define PACKAGE_TARNAME ""
| #define PACKAGE_VERSION ""
| #define PACKAGE_STRING ""
| #define PACKAGE_BUGREPORT ""
| #define PACKAGE_URL ""
| #define PACKAGE "SampleApp"
| #define VERSION "0.1"
| /* end confdefs.h.  */
| #include <ac_nonexistent.h>
configure:7587: checking for ANSI C header files
configure:7607: gcc -c -g -O2  conftest.c >&5
configure:7607: $? = 0
configure:7680: gcc -o conftest -g -O2   conftest.c  >&5
configure:7680: $? = 0
configure:7680: ./conftest
configure:7680: $? = 0
configure:7691: result: yes
configure:7704: checking for sys/types.h
configure:7704: gcc -c -g -O2  conftest.c >&5
configure:7704: $? = 0
configure:7704: result: yes
configure:7704: checking for sys/stat.h
configure:7704: gcc -c -g -O2  conftest.c >&5
configure:7704: $? = 0
configure:7704: result: yes
configure:7704: checking for stdlib.h
configure:7704: gcc -c -g -O2  conftest.c >&5
configure:7704: $? = 0
configure:7704: result: yes
configure:7704: checking for string.h
configure:7704: gcc -c -g -O2  conftest.c >&5
configure:7704: $? = 0
configure:7704: result: yes
configure:7704: checking for memory.h
configure:7704: gcc -c -g -O2  conftest.c >&5
configure:7704: $? = 0
configure:7704: result: yes
configure:7704: checking for strings.h
configure:7704: gcc -c -g -O2  conftest.c >&5
configure:7704: $? = 0
configure:7704: result: yes
configure:7704: checking for inttypes.h
configure:7704: gcc -c -g -O2  conftest.c >&5
configure:7704: $? = 0
configure:7704: result: yes
configure:7704: checking for stdint.h
configure:7704: gcc -c -g -O2  conftest.c >&5
configure:7704: $? = 0
configure:7704: result: yes
configure:7704: checking for unistd.h
configure:7704: gcc -c -g -O2  conftest.c >&5
configure:7704: $? = 0
configure:7704: result: yes
configure:7718: checking for dlfcn.h
configure:7718: gcc -c -g -O2  conftest.c >&5
configure:7718: $? = 0
configure:7718: result: yes
configure:7934: checking for objdir
configure:7949: result: .libs
configure:8216: checking if gcc supports -fno-rtti -fno-exceptions
configure:8234: gcc -c -g -O2  -fno-rtti -fno-exceptions conftest.c >&5
cc1: warning: command line option '-fno-rtti' is valid for C++/ObjC++ but not for C [enabled by default]
configure:8238: $? = 0
configure:8251: result: no
configure:8578: checking for gcc option to produce PIC
configure:8585: result: -fPIC -DPIC
configure:8593: checking if gcc PIC flag -fPIC -DPIC works
configure:8611: gcc -c -g -O2  -fPIC -DPIC -DPIC conftest.c >&5
configure:8615: $? = 0
configure:8628: result: yes
configure:8657: checking if gcc static flag -static works
configure:8685: result: yes
configure:8700: checking if gcc supports -c -o file.o
configure:8721: gcc -c -g -O2  -o out/conftest2.o conftest.c >&5
configure:8725: $? = 0
configure:8747: result: yes
configure:8755: checking if gcc supports -c -o file.o
configure:8802: result: yes
configure:8835: checking whether the gcc linker (/usr/bin/ld -m elf_x86_64) supports shared libraries
configure:9992: result: yes
configure:10029: checking whether -lc should be explicitly linked in
configure:10037: gcc -c -g -O2  conftest.c >&5
configure:10040: $? = 0
configure:10055: gcc -shared  -fPIC -DPIC conftest.o  -v -Wl,-soname -Wl,conftest -o conftest 2\>\&1 \| /bin/grep  -lc  \>/dev/null 2\>\&1
configure:10058: $? = 0
configure:10072: result: no
configure:10232: checking dynamic linker characteristics
configure:10743: gcc -o conftest -g -O2   -Wl,-rpath -Wl,/foo conftest.c  >&5
configure:10743: $? = 0
configure:10977: result: GNU/Linux ld.so
configure:11084: checking how to hardcode library paths into programs
configure:11109: result: immediate
configure:11649: checking whether stripping libraries is possible
configure:11654: result: yes
configure:11689: checking if libtool supports shared libraries
configure:11691: result: yes
configure:11694: checking whether to build shared libraries
configure:11715: result: yes
configure:11718: checking whether to build static libraries
configure:11722: result: yes
configure:11745: checking how to run the C++ preprocessor
configure:11772: g++ -E  conftest.cpp
configure:11772: $? = 0
configure:11786: g++ -E  conftest.cpp
conftest.cpp:23:28: fatal error: ac_nonexistent.h: No such file or directory
compilation terminated.
configure:11786: $? = 1
configure: failed program was:
| /* confdefs.h */
| #define PACKAGE_NAME ""
| #define PACKAGE_TARNAME ""
| #define PACKAGE_VERSION ""
| #define PACKAGE_STRING ""
| #define PACKAGE_BUGREPORT ""
| #define PACKAGE_URL ""
| #define PACKAGE "SampleApp"
| #define VERSION "0.1"
| #define STDC_HEADERS 1
| #define HAVE_SYS_TYPES_H 1
| #define HAVE_SYS_STAT_H 1
| #define HAVE_STDLIB_H 1
| #define HAVE_STRING_H 1
| #define HAVE_MEMORY_H 1
| #define HAVE_STRINGS_H 1
| #define HAVE_INTTYPES_H 1
| #define HAVE_STDINT_H 1
| #define HAVE_UNISTD_H 1
| #define HAVE_DLFCN_H 1
| #define LT_OBJDIR ".libs/"
| /* end confdefs.h.  */
| #include <ac_nonexistent.h>
configure:11811: result: g++ -E
configure:11831: g++ -E  conftest.cpp
configure:11831: $? = 0
configure:11845: g++ -E  conftest.cpp
conftest.cpp:23:28: fatal error: ac_nonexistent.h: No such file or directory
compilation terminated.
configure:11845: $? = 1
configure: failed program was:
| /* confdefs.h */
| #define PACKAGE_NAME ""
| #define PACKAGE_TARNAME ""
| #define PACKAGE_VERSION ""
| #define PACKAGE_STRING ""
| #define PACKAGE_BUGREPORT ""
| #define PACKAGE_URL ""
| #define PACKAGE "SampleApp"
| #define VERSION "0.1"
| #define STDC_HEADERS 1
| #define HAVE_SYS_TYPES_H 1
| #define HAVE_SYS_STAT_H 1
| #define HAVE_STDLIB_H 1
| #define HAVE_STRING_H 1
| #define HAVE_MEMORY_H 1
| #define HAVE_STRINGS_H 1
| #define HAVE_INTTYPES_H 1
| #define HAVE_STDINT_H 1
| #define HAVE_UNISTD_H 1
| #define HAVE_DLFCN_H 1
| #define LT_OBJDIR ".libs/"
| /* end confdefs.h.  */
| #include <ac_nonexistent.h>
configure:12014: checking for ld used by g++
configure:12081: result: /usr/bin/ld -m elf_x86_64
configure:12088: checking if the linker (/usr/bin/ld -m elf_x86_64) is GNU ld
configure:12103: result: yes
configure:12158: checking whether the g++ linker (/usr/bin/ld -m elf_x86_64) supports shared libraries
configure:13163: result: yes
configure:13199: g++ -c -g -O2  conftest.cpp >&5
configure:13202: $? = 0
configure:13722: checking for g++ option to produce PIC
configure:13729: result: -fPIC -DPIC
configure:13737: checking if g++ PIC flag -fPIC -DPIC works
configure:13755: g++ -c -g -O2  -fPIC -DPIC -DPIC conftest.cpp >&5
configure:13759: $? = 0
configure:13772: result: yes
configure:13795: checking if g++ static flag -static works
configure:13823: result: yes
configure:13835: checking if g++ supports -c -o file.o
configure:13856: g++ -c -g -O2  -o out/conftest2.o conftest.cpp >&5
configure:13860: $? = 0
configure:13882: result: yes
configure:13887: checking if g++ supports -c -o file.o
configure:13934: result: yes
configure:13964: checking whether the g++ linker (/usr/bin/ld -m elf_x86_64) supports shared libraries
configure:14003: result: yes
configure:14144: checking dynamic linker characteristics
configure:14823: result: GNU/Linux ld.so
configure:14876: checking how to hardcode library paths into programs
configure:14901: result: immediate
configure:15017: checking for pkg-config
configure:15035: found /usr/bin/pkg-config
configure:15047: result: /usr/bin/pkg-config
configure:15072: checking pkg-config is at least version 0.9.0
configure:15075: result: yes
configure:15085: checking for OGRE
configure:15092: $PKG_CONFIG --exists --print-errors "OGRE >= 1.2"
configure:15095: $? = 0
configure:15109: $PKG_CONFIG --exists --print-errors "OGRE >= 1.2"
configure:15112: $? = 0
configure:15170: result: yes
configure:15179: checking for OIS
configure:15186: $PKG_CONFIG --exists --print-errors "OIS >= 1.0"
configure:15189: $? = 0
configure:15203: $PKG_CONFIG --exists --print-errors "OIS >= 1.0"
configure:15206: $? = 0
configure:15264: result: yes
configure:15274: checking for CEGUI
configure:15281: $PKG_CONFIG --exists --print-errors "CEGUI >= 0.7"
configure:15284: $? = 0
configure:15298: $PKG_CONFIG --exists --print-errors "CEGUI >= 0.7"
configure:15301: $? = 0
configure:15359: result: yes
configure:15368: checking for CEGUI_OGRE
configure:15375: $PKG_CONFIG --exists --print-errors "CEGUI-OGRE >= 0.7"
configure:15378: $? = 0
configure:15392: $PKG_CONFIG --exists --print-errors "CEGUI-OGRE >= 0.7"
configure:15395: $? = 0
configure:15453: result: yes
configure:15596: creating ./config.status

## ---------------------- ##
## Running config.status. ##
## ---------------------- ##

This file was extended by config.status, which was
generated by GNU Autoconf 2.69.  Invocation command line was

  CONFIG_FILES    = 
  CONFIG_HEADERS  = 
  CONFIG_LINKS    = 
  CONFIG_COMMANDS = 
  $ ./config.status 

on jeanLaptop

config.status:1150: creating Makefile
config.status:1150: creating config.h
config.status:1331: config.h is unchanged
config.status:1379: executing depfiles commands
config.status:1379: executing libtool commands

## ---------------- ##
## Cache variables. ##
## ---------------- ##

ac_cv_build=x86_64-unknown-linux-gnu
ac_cv_c_compiler_gnu=yes
ac_cv_cxx_compiler_gnu=yes
ac_cv_env_CCC_set=
ac_cv_env_CCC_value=
ac_cv_env_CC_set=
ac_cv_env_CC_value=
ac_cv_env_CEGUI_CFLAGS_set=
ac_cv_env_CEGUI_CFLAGS_value=
ac_cv_env_CEGUI_LIBS_set=
ac_cv_env_CEGUI_LIBS_value=
ac_cv_env_CEGUI_OGRE_CFLAGS_set=
ac_cv_env_CEGUI_OGRE_CFLAGS_value=
ac_cv_env_CEGUI_OGRE_LIBS_set=
ac_cv_env_CEGUI_OGRE_LIBS_value=
ac_cv_env_CFLAGS_set=
ac_cv_env_CFLAGS_value=
ac_cv_env_CPPFLAGS_set=
ac_cv_env_CPPFLAGS_value=
ac_cv_env_CPP_set=
ac_cv_env_CPP_value=
ac_cv_env_CXXCPP_set=
ac_cv_env_CXXCPP_value=
ac_cv_env_CXXFLAGS_set=
ac_cv_env_CXXFLAGS_value=
ac_cv_env_CXX_set=
ac_cv_env_CXX_value=
ac_cv_env_LDFLAGS_set=
ac_cv_env_LDFLAGS_value=
ac_cv_env_LIBS_set=
ac_cv_env_LIBS_value=
ac_cv_env_OGRE_CFLAGS_set=
ac_cv_env_OGRE_CFLAGS_value=
ac_cv_env_OGRE_LIBS_set=
ac_cv_env_OGRE_LIBS_value=
ac_cv_env_OIS_CFLAGS_set=
ac_cv_env_OIS_CFLAGS_value=
ac_cv_env_OIS_LIBS_set=
ac_cv_env_OIS_LIBS_value=
ac_cv_env_PKG_CONFIG_LIBDIR_set=
ac_cv_env_PKG_CONFIG_LIBDIR_value=
ac_cv_env_PKG_CONFIG_PATH_set=
ac_cv_env_PKG_CONFIG_PATH_value=
ac_cv_env_PKG_CONFIG_set=
ac_cv_env_PKG_CONFIG_value=
ac_cv_env_build_alias_set=
ac_cv_env_build_alias_value=
ac_cv_env_host_alias_set=
ac_cv_env_host_alias_value=
ac_cv_env_target_alias_set=
ac_cv_env_target_alias_value=
ac_cv_header_dlfcn_h=yes
ac_cv_header_inttypes_h=yes
ac_cv_header_memory_h=yes
ac_cv_header_stdc=yes
ac_cv_header_stdint_h=yes
ac_cv_header_stdlib_h=yes
ac_cv_header_string_h=yes
ac_cv_header_strings_h=yes
ac_cv_header_sys_stat_h=yes
ac_cv_header_sys_types_h=yes
ac_cv_header_unistd_h=yes
ac_cv_host=x86_64-unknown-linux-gnu
ac_cv_objext=o
ac_cv_path_EGREP='/bin/grep -E'
ac_cv_path_FGREP='/bin/grep -F'
ac_cv_path_GREP=/bin/grep
ac_cv_path_SED=/bin/sed
ac_cv_path_ac_pt_PKG_CONFIG=/usr/bin/pkg-config
ac_cv_path_install='/usr/bin/install -c'
ac_cv_path_mkdir=/bin/mkdir
ac_cv_prog_AWK=mawk
ac_cv_prog_CPP='gcc -E'
ac_cv_prog_CXXCPP='g++ -E'
ac_cv_prog_ac_ct_AR=ar
ac_cv_prog_ac_ct_CC=gcc
ac_cv_prog_ac_ct_CXX=g++
ac_cv_prog_ac_ct_MANIFEST_TOOL=mt
ac_cv_prog_ac_ct_OBJDUMP=objdump
ac_cv_prog_ac_ct_RANLIB=ranlib
ac_cv_prog_ac_ct_STRIP=strip
ac_cv_prog_cc_c89=
ac_cv_prog_cc_g=yes
ac_cv_prog_cxx_g=yes
ac_cv_prog_make_make_set=yes
am_cv_CC_dependencies_compiler_type=gcc3
am_cv_CXX_dependencies_compiler_type=gcc3
lt_cv_ar_at_file=@
lt_cv_archive_cmds_need_lc=no
lt_cv_deplibs_check_method=pass_all
lt_cv_file_magic_cmd='$MAGIC_CMD'
lt_cv_file_magic_test_file=
lt_cv_ld_reload_flag=-r
lt_cv_nm_interface='BSD nm'
lt_cv_objdir=.libs
lt_cv_path_LD=/usr/bin/ld
lt_cv_path_LDCXX='/usr/bin/ld -m elf_x86_64'
lt_cv_path_NM='/usr/bin/nm -B'
lt_cv_path_mainfest_tool=no
lt_cv_prog_compiler_c_o=yes
lt_cv_prog_compiler_c_o_CXX=yes
lt_cv_prog_compiler_pic='-fPIC -DPIC'
lt_cv_prog_compiler_pic_CXX='-fPIC -DPIC'
lt_cv_prog_compiler_pic_works=yes
lt_cv_prog_compiler_pic_works_CXX=yes
lt_cv_prog_compiler_rtti_exceptions=no
lt_cv_prog_compiler_static_works=yes
lt_cv_prog_compiler_static_works_CXX=yes
lt_cv_prog_gnu_ld=yes
lt_cv_prog_gnu_ldcxx=yes
lt_cv_sharedlib_from_linklib_cmd='printf %s\n'
lt_cv_shlibpath_overrides_runpath=no
lt_cv_sys_global_symbol_pipe='sed -n -e '\''s/^.*[	 ]\([ABCDGIRSTW][ABCDGIRSTW]*\)[	 ][	 ]*\([_A-Za-z][_A-Za-z0-9]*\)$/\1 \2 \2/p'\'' | sed '\''/ __gnu_lto/d'\'''
lt_cv_sys_global_symbol_to_c_name_address='sed -n -e '\''s/^: \([^ ]*\)[ ]*$/  {\"\1\", (void *) 0},/p'\'' -e '\''s/^[ABCDGIRSTW]* \([^ ]*\) \([^ ]*\)$/  {"\2", (void *) \&\2},/p'\'''
lt_cv_sys_global_symbol_to_c_name_address_lib_prefix='sed -n -e '\''s/^: \([^ ]*\)[ ]*$/  {\"\1\", (void *) 0},/p'\'' -e '\''s/^[ABCDGIRSTW]* \([^ ]*\) \(lib[^ ]*\)$/  {"\2", (void *) \&\2},/p'\'' -e '\''s/^[ABCDGIRSTW]* \([^ ]*\) \([^ ]*\)$/  {"lib\2", (void *) \&\2},/p'\'''
lt_cv_sys_global_symbol_to_cdecl='sed -n -e '\''s/^T .* \(.*\)$/extern int \1();/p'\'' -e '\''s/^[ABCDGIRSTW]* .* \(.*\)$/extern char \1;/p'\'''
lt_cv_sys_max_cmd_len=1572864
lt_cv_to_host_file_cmd=func_convert_file_noop
lt_cv_to_tool_file_cmd=func_convert_file_noop
pkg_cv_CEGUI_CFLAGS='-I/usr/local/include -I/usr/local/include/CEGUI  '
pkg_cv_CEGUI_LIBS='-L/usr/local/lib -lCEGUIBase  '
pkg_cv_CEGUI_OGRE_CFLAGS='-I/usr/local/include -I/usr/local/include/OGRE -I/usr/local/include/CEGUI  '
pkg_cv_CEGUI_OGRE_LIBS='-L/usr/local/lib -lCEGUIOgreRenderer -lOgreMain -lCEGUIBase  '
pkg_cv_OGRE_CFLAGS='-I/usr/local/include -I/usr/local/include/OGRE  '
pkg_cv_OGRE_LIBS='-L/usr/local/lib -lOgreMain  '
pkg_cv_OIS_CFLAGS='-I/usr/include/ois  '
pkg_cv_OIS_LIBS='-lOIS  '

## ----------------- ##
## Output variables. ##
## ----------------- ##

ACLOCAL='${SHELL} /home/jean/projects/rpg/missing --run aclocal-1.11'
AMDEPBACKSLASH='\'
AMDEP_FALSE='#'
AMDEP_TRUE=''
AMTAR='$${TAR-tar}'
AR='ar'
AUTOCONF='${SHELL} /home/jean/projects/rpg/missing --run autoconf'
AUTOHEADER='${SHELL} /home/jean/projects/rpg/missing --run autoheader'
AUTOMAKE='${SHELL} /home/jean/projects/rpg/missing --run automake-1.11'
AWK='mawk'
CC='gcc'
CCDEPMODE='depmode=gcc3'
CEGUI_CFLAGS='-I/usr/local/include -I/usr/local/include/CEGUI  '
CEGUI_LIBS='-L/usr/local/lib -lCEGUIBase  '
CEGUI_OGRE_CFLAGS='-I/usr/local/include -I/usr/local/include/OGRE -I/usr/local/include/CEGUI  '
CEGUI_OGRE_LIBS='-L/usr/local/lib -lCEGUIOgreRenderer -lOgreMain -lCEGUIBase  '
CFLAGS='-g -O2'
CPP='gcc -E'
CPPFLAGS=''
CXX='g++'
CXXCPP='g++ -E'
CXXDEPMODE='depmode=gcc3'
CXXFLAGS='-g -O2'
CYGPATH_W='echo'
DEFS='-DHAVE_CONFIG_H'
DEPDIR='.deps'
DLLTOOL='false'
DSYMUTIL=''
DUMPBIN=''
ECHO_C=''
ECHO_N='-n'
ECHO_T=''
EGREP='/bin/grep -E'
EXEEXT=''
FGREP='/bin/grep -F'
GREP='/bin/grep'
INSTALL_DATA='${INSTALL} -m 644'
INSTALL_PROGRAM='${INSTALL}'
INSTALL_SCRIPT='${INSTALL}'
INSTALL_STRIP_PROGRAM='$(install_sh) -c -s'
LD='/usr/bin/ld -m elf_x86_64'
LDFLAGS=''
LIBOBJS=''
LIBS=''
LIBTOOL='$(SHELL) $(top_builddir)/libtool'
LIPO=''
LN_S='ln -s'
LTLIBOBJS=''
MAKEINFO='${SHELL} /home/jean/projects/rpg/missing --run makeinfo'
MANIFEST_TOOL=':'
MKDIR_P='/bin/mkdir -p'
NM='/usr/bin/nm -B'
NMEDIT=''
OBJDUMP='objdump'
OBJEXT='o'
OGRE_CFLAGS='-I/usr/local/include -I/usr/local/include/OGRE  '
OGRE_LIBS='-L/usr/local/lib -lOgreMain  '
OIS_CFLAGS='-I/usr/include/ois  '
OIS_LIBS='-lOIS  '
OTOOL64=''
OTOOL=''
PACKAGE='SampleApp'
PACKAGE_BUGREPORT=''
PACKAGE_NAME=''
PACKAGE_STRING=''
PACKAGE_TARNAME=''
PACKAGE_URL=''
PACKAGE_VERSION=''
PATH_SEPARATOR=':'
PKG_CONFIG='/usr/bin/pkg-config'
PKG_CONFIG_LIBDIR=''
PKG_CONFIG_PATH=''
RANLIB='ranlib'
SED='/bin/sed'
SET_MAKE=''
SHELL='/bin/bash'
STRIP='strip'
VERSION='0.1'
ac_ct_AR='ar'
ac_ct_CC='gcc'
ac_ct_CXX='g++'
ac_ct_DUMPBIN=''
am__EXEEXT_FALSE=''
am__EXEEXT_TRUE='#'
am__fastdepCC_FALSE='#'
am__fastdepCC_TRUE=''
am__fastdepCXX_FALSE='#'
am__fastdepCXX_TRUE=''
am__include='include'
am__isrc=''
am__leading_dot='.'
am__nodep='_no'
am__quote=''
am__tar='$${TAR-tar} chof - "$$tardir"'
am__untar='$${TAR-tar} xf -'
bindir='${exec_prefix}/bin'
build='x86_64-unknown-linux-gnu'
build_alias=''
build_cpu='x86_64'
build_os='linux-gnu'
build_vendor='unknown'
datadir='${datarootdir}'
datarootdir='${prefix}/share'
docdir='${datarootdir}/doc/${PACKAGE}'
dvidir='${docdir}'
exec_prefix='${prefix}'
host='x86_64-unknown-linux-gnu'
host_alias=''
host_cpu='x86_64'
host_os='linux-gnu'
host_vendor='unknown'
htmldir='${docdir}'
includedir='${prefix}/include'
infodir='${datarootdir}/info'
install_sh='${SHELL} /home/jean/projects/rpg/install-sh'
libdir='${exec_prefix}/lib'
libexecdir='${exec_prefix}/libexec'
localedir='${datarootdir}/locale'
localstatedir='${prefix}/var'
mandir='${datarootdir}/man'
mkdir_p='/bin/mkdir -p'
oldincludedir='/usr/include'
pdfdir='${docdir}'
prefix='/usr/local'
program_transform_name='s,x,x,'
psdir='${docdir}'
sbindir='${exec_prefix}/sbin'
sharedstatedir='${prefix}/com'
sysconfdir='${prefix}/etc'
target_alias=''

## ----------- ##
## confdefs.h. ##
## ----------- ##

/* confdefs.h */
#define PACKAGE_NAME ""
#define PACKAGE_TARNAME ""
#define PACKAGE_VERSION ""
#define PACKAGE_STRING ""
#define PACKAGE_BUGREPORT ""
#define PACKAGE_URL ""
#define PACKAGE "SampleApp"
#define VERSION "0.1"
#define STDC_HEADERS 1
#define HAVE_SYS_TYPES_H 1
#define HAVE_SYS_STAT_H 1
#define HAVE_STDLIB_H 1
#define HAVE_STRING_H 1
#define HAVE_MEMORY_H 1
#define HAVE_STRINGS_H 1
#define HAVE_INTTYPES_H 1
#define HAVE_STDINT_H 1
#define HAVE_UNISTD_H 1
#define HAVE_DLFCN_H 1
#define LT_OBJDIR ".libs/"

configure: exit 0
