14:41:19: Creating resource group General
14:41:19: Creating resource group Internal
14:41:19: Creating resource group Autodetect
14:41:19: SceneManagerFactory for type 'DefaultSceneManager' registered.
14:41:19: Registering ResourceManager for type Material
14:41:19: Registering ResourceManager for type Mesh
14:41:19: Registering ResourceManager for type Skeleton
14:41:19: MovableObjectFactory for type 'ParticleSystem' registered.
14:41:19: OverlayElementFactory for type Panel registered.
14:41:19: OverlayElementFactory for type BorderPanel registered.
14:41:19: OverlayElementFactory for type TextArea registered.
14:41:19: Registering ResourceManager for type Font
14:41:19: ArchiveFactory for archive type FileSystem registered.
14:41:19: ArchiveFactory for archive type Zip registered.
14:41:19: ArchiveFactory for archive type EmbeddedZip registered.
14:41:19: DDS codec registering
14:41:19: FreeImage version: 3.15.1
14:41:19: This program uses FreeImage, a free, open source image library supporting all common bitmap formats. See http://freeimage.sourceforge.net for details
14:41:19: Supported formats: bmp,ico,jpg,jif,jpeg,jpe,jng,koa,iff,lbm,mng,pbm,pbm,pcd,pcx,pgm,pgm,png,ppm,ppm,ras,tga,targa,tif,tiff,wap,wbmp,wbm,psd,cut,xbm,xpm,gif,hdr,g3,sgi,exr,j2k,j2c,jp2,pfm,pct,pict,pic,3fr,arw,bay,bmq,cap,cine,cr2,crw,cs1,dc2,dcr,drf,dsc,dng,erf,fff,ia,iiq,k25,kc2,kdc,mdc,mef,mos,mrw,nef,nrw,orf,pef,ptx,pxn,qtk,raf,raw,rdc,rw2,rwl,rwz,sr2,srf,sti
14:41:19: Registering ResourceManager for type HighLevelGpuProgram
14:41:19: Registering ResourceManager for type Compositor
14:41:19: MovableObjectFactory for type 'Entity' registered.
14:41:19: MovableObjectFactory for type 'Light' registered.
14:41:19: MovableObjectFactory for type 'BillboardSet' registered.
14:41:19: MovableObjectFactory for type 'ManualObject' registered.
14:41:19: MovableObjectFactory for type 'BillboardChain' registered.
14:41:19: MovableObjectFactory for type 'RibbonTrail' registered.
14:41:19: Loading library /usr/src/ogre_src_v1-8-1/build/lib/RenderSystem_GL
14:41:19: Installing plugin: GL RenderSystem
14:41:19: OpenGL Rendering Subsystem created.
14:41:19: Plugin successfully installed
14:41:19: Loading library /usr/src/ogre_src_v1-8-1/build/lib/Plugin_ParticleFX
14:41:19: Installing plugin: ParticleFX
14:41:19: Particle Emitter Type 'Point' registered
14:41:19: Particle Emitter Type 'Box' registered
14:41:19: Particle Emitter Type 'Ellipsoid' registered
14:41:19: Particle Emitter Type 'Cylinder' registered
14:41:19: Particle Emitter Type 'Ring' registered
14:41:19: Particle Emitter Type 'HollowEllipsoid' registered
14:41:19: Particle Affector Type 'LinearForce' registered
14:41:19: Particle Affector Type 'ColourFader' registered
14:41:19: Particle Affector Type 'ColourFader2' registered
14:41:19: Particle Affector Type 'ColourImage' registered
14:41:19: Particle Affector Type 'ColourInterpolator' registered
14:41:19: Particle Affector Type 'Scaler' registered
14:41:19: Particle Affector Type 'Rotator' registered
14:41:19: Particle Affector Type 'DirectionRandomiser' registered
14:41:19: Particle Affector Type 'DeflectorPlane' registered
14:41:19: Plugin successfully installed
14:41:19: Loading library /usr/src/ogre_src_v1-8-1/build/lib/Plugin_BSPSceneManager
14:41:19: Installing plugin: BSP Scene Manager
14:41:19: Plugin successfully installed
14:41:19: Loading library /usr/src/ogre_src_v1-8-1/build/lib/Plugin_PCZSceneManager
14:41:19: Installing plugin: Portal Connected Zone Scene Manager
14:41:19: PCZone Factory Type 'ZoneType_Default' registered
14:41:19: Plugin successfully installed
14:41:19: Loading library /usr/src/ogre_src_v1-8-1/build/lib/Plugin_OctreeZone
14:41:19: Installing plugin: Octree Zone Factory
14:41:19: Plugin successfully installed
14:41:19: Loading library /usr/src/ogre_src_v1-8-1/build/lib/Plugin_OctreeSceneManager
14:41:19: Installing plugin: Octree Scene Manager
14:41:19: Plugin successfully installed
14:41:19: *-*-* OGRE Initialising
14:41:19: *-*-* Version 1.8.1 (Byatis)
14:41:19: Creating resource group Essential
14:41:19: Added resource location '/usr/src/ogre_src_v1-8-1/Samples/Media/thumbnails' of type 'FileSystem' to resource group 'Essential'
14:41:19: Added resource location '/usr/src/ogre_src_v1-8-1/Samples/Media/packs/SdkTrays.zip' of type 'Zip' to resource group 'Essential'
14:41:19: Added resource location '/usr/src/ogre_src_v1-8-1/Samples/Media/packs/profiler.zip' of type 'Zip' to resource group 'Essential'
14:41:19: Added resource location '/usr/src/ogre_src_v1-8-1/Samples/Media' of type 'FileSystem' to resource group 'General'
14:41:19: Added resource location '/usr/local/share/CEGUI/animations' of type 'FileSystem' to resource group 'General'
14:41:19: Added resource location '/usr/local/share/CEGUI/fonts' of type 'FileSystem' to resource group 'General'
14:41:19: Added resource location '/usr/local/share/CEGUI/imagesets' of type 'FileSystem' to resource group 'General'
14:41:19: Added resource location '/usr/local/share/CEGUI/layouts' of type 'FileSystem' to resource group 'General'
14:41:19: Added resource location '/usr/local/share/CEGUI/looknfeel' of type 'FileSystem' to resource group 'General'
14:41:19: Added resource location '/usr/local/share/CEGUI/lua_scripts' of type 'FileSystem' to resource group 'General'
14:41:19: Added resource location '/usr/local/share/CEGUI/schemes' of type 'FileSystem' to resource group 'General'
14:41:19: Added resource location '/usr/local/share/CEGUI/xml_schemas' of type 'FileSystem' to resource group 'General'
14:41:19: Added resource location '/home/jean/projects/codeStudy/ogre/resources' of type 'FileSystem' to resource group 'General'
14:41:19: Creating resource group Popular
14:41:19: Added resource location '/usr/src/ogre_src_v1-8-1/Samples/Media/fonts' of type 'FileSystem' to resource group 'Popular'
14:41:19: Added resource location '/usr/src/ogre_src_v1-8-1/Samples/Media/materials/programs' of type 'FileSystem' to resource group 'Popular'
14:41:19: Added resource location '/usr/src/ogre_src_v1-8-1/Samples/Media/materials/scripts' of type 'FileSystem' to resource group 'Popular'
14:41:19: Added resource location '/usr/src/ogre_src_v1-8-1/Samples/Media/materials/textures' of type 'FileSystem' to resource group 'Popular'
14:41:19: Added resource location '/usr/src/ogre_src_v1-8-1/Samples/Media/materials/textures/nvidia' of type 'FileSystem' to resource group 'Popular'
14:41:19: Added resource location '/usr/src/ogre_src_v1-8-1/Samples/Media/models' of type 'FileSystem' to resource group 'Popular'
14:41:19: Added resource location '/usr/src/ogre_src_v1-8-1/Samples/Media/particle' of type 'FileSystem' to resource group 'Popular'
14:41:19: Added resource location '/usr/src/ogre_src_v1-8-1/Samples/Media/DeferredShadingMedia' of type 'FileSystem' to resource group 'Popular'
14:41:19: Added resource location '/usr/src/ogre_src_v1-8-1/Samples/Media/PCZAppMedia' of type 'FileSystem' to resource group 'Popular'
14:41:19: Added resource location '/usr/src/ogre_src_v1-8-1/Samples/Media/RTShaderLib' of type 'FileSystem' to resource group 'Popular'
14:41:19: Added resource location '/usr/src/ogre_src_v1-8-1/Samples/Media/RTShaderLib/materials' of type 'FileSystem' to resource group 'Popular'
14:41:19: Added resource location '/usr/src/ogre_src_v1-8-1/Samples/Media/materials/scripts/SSAO' of type 'FileSystem' to resource group 'Popular'
14:41:19: Added resource location '/usr/src/ogre_src_v1-8-1/Samples/Media/materials/textures/SSAO' of type 'FileSystem' to resource group 'Popular'
14:41:19: Added resource location '/usr/src/ogre_src_v1-8-1/Samples/Media/packs/cubemap.zip' of type 'Zip' to resource group 'Popular'
14:41:19: Added resource location '/usr/src/ogre_src_v1-8-1/Samples/Media/packs/cubemapsJS.zip' of type 'Zip' to resource group 'Popular'
14:41:19: Added resource location '/usr/src/ogre_src_v1-8-1/Samples/Media/packs/dragon.zip' of type 'Zip' to resource group 'Popular'
14:41:19: Added resource location '/usr/src/ogre_src_v1-8-1/Samples/Media/packs/fresneldemo.zip' of type 'Zip' to resource group 'Popular'
14:41:19: Added resource location '/usr/src/ogre_src_v1-8-1/Samples/Media/packs/ogretestmap.zip' of type 'Zip' to resource group 'Popular'
14:41:19: Added resource location '/usr/src/ogre_src_v1-8-1/Samples/Media/packs/ogredance.zip' of type 'Zip' to resource group 'Popular'
14:41:19: Added resource location '/usr/src/ogre_src_v1-8-1/Samples/Media/packs/Sinbad.zip' of type 'Zip' to resource group 'Popular'
14:41:19: Added resource location '/usr/src/ogre_src_v1-8-1/Samples/Media/packs/skybox.zip' of type 'Zip' to resource group 'Popular'
14:41:19: Creating resource group Tests
14:41:19: Added resource location '/usr/src/ogre_src_v1-8-1/Samples/Media/../../Tests/Media' of type 'FileSystem' to resource group 'Tests'
14:41:19: CPU Identifier & Features
14:41:19: -------------------------
14:41:19:  *   CPU ID: GenuineIntel: Intel(R) Core(TM) i5 CPU       M 430  @ 2.27GHz
14:41:19:  *      SSE: yes
14:41:19:  *     SSE2: yes
14:41:19:  *     SSE3: yes
14:41:19:  *      MMX: yes
14:41:19:  *   MMXEXT: yes
14:41:19:  *    3DNOW: no
14:41:19:  * 3DNOWEXT: no
14:41:19:  *     CMOV: yes
14:41:19:  *      TSC: yes
14:41:19:  *      FPU: yes
14:41:19:  *      PRO: yes
14:41:19:  *       HT: no
14:41:19: -------------------------
14:41:19: ******************************
*** Starting GLX Subsystem ***
******************************
14:41:19: Registering ResourceManager for type Texture
14:41:19: GLRenderSystem::_createRenderWindow "RPG - Diabo!", 1920x1080 windowed  miscParams: FSAA=0 displayFrequency=60 Hz gamma=No vsync=No 
14:41:19: GLXWindow::create used FBConfigID = 173
14:41:19: GL_VERSION = 2.1 Mesa 9.0
14:41:19: GL_VENDOR = X.Org
14:41:19: GL_RENDERER = Gallium 0.4 on AMD CEDAR
14:41:19: GL_EXTENSIONS = GL_ARB_multisample GL_EXT_abgr GL_EXT_bgra GL_EXT_blend_color GL_EXT_blend_minmax GL_EXT_blend_subtract GL_EXT_copy_texture GL_EXT_polygon_offset GL_EXT_subtexture GL_EXT_texture_object GL_EXT_vertex_array GL_EXT_compiled_vertex_array GL_EXT_texture GL_EXT_texture3D GL_IBM_rasterpos_clip GL_ARB_point_parameters GL_EXT_draw_range_elements GL_EXT_packed_pixels GL_EXT_point_parameters GL_EXT_rescale_normal GL_EXT_separate_specular_color GL_EXT_texture_edge_clamp GL_SGIS_generate_mipmap GL_SGIS_texture_border_clamp GL_SGIS_texture_edge_clamp GL_SGIS_texture_lod GL_ARB_framebuffer_sRGB GL_ARB_multitexture GL_EXT_framebuffer_sRGB GL_IBM_multimode_draw_arrays GL_IBM_texture_mirrored_repeat GL_ARB_texture_cube_map GL_ARB_texture_env_add GL_ARB_transpose_matrix GL_EXT_blend_func_separate GL_EXT_fog_coord GL_EXT_multi_draw_arrays GL_EXT_secondary_color GL_EXT_texture_env_add GL_EXT_texture_filter_anisotropic GL_EXT_texture_lod_bias GL_INGR_blend_func_separate GL_NV_blend_square GL_NV_light_max_exponent GL_NV_texgen_reflection GL_NV_texture_env_combine4 GL_S3_s3tc GL_SUN_multi_draw_arrays GL_ARB_texture_border_clamp GL_ARB_texture_compression GL_EXT_framebuffer_object GL_EXT_texture_compression_s3tc GL_EXT_texture_env_combine GL_EXT_texture_env_dot3 GL_MESA_window_pos GL_NV_packed_depth_stencil GL_NV_texture_rectangle GL_ARB_depth_texture GL_ARB_occlusion_query GL_ARB_shadow GL_ARB_texture_env_combine GL_ARB_texture_env_crossbar GL_ARB_texture_env_dot3 GL_ARB_texture_mirrored_repeat GL_ARB_window_pos GL_EXT_stencil_two_side GL_EXT_texture_cube_map GL_NV_depth_clamp GL_NV_fog_distance GL_APPLE_packed_pixels GL_APPLE_vertex_array_object GL_ARB_draw_buffers GL_ARB_fragment_program GL_ARB_fragment_shader GL_ARB_shader_objects GL_ARB_vertex_program GL_ARB_vertex_shader GL_ATI_draw_buffers GL_ATI_texture_env_combine3 GL_ATI_texture_float GL_EXT_shadow_funcs GL_EXT_stencil_wrap GL_MESA_pack_invert GL_NV_primitive_restart GL_ARB_depth_clamp GL_ARB_fragment_program_shadow GL_ARB_half_float_pixel GL_ARB_occlusion_query2 GL_ARB_point_sprite GL_ARB_shading_language_100 GL_ARB_sync GL_ARB_texture_non_power_of_two GL_ARB_vertex_buffer_object GL_ATI_blend_equation_separate GL_EXT_blend_equation_separate GL_OES_read_format GL_ARB_color_buffer_float GL_ARB_pixel_buffer_object GL_ARB_texture_compression_rgtc GL_ARB_texture_float GL_ARB_texture_rectangle GL_ATI_texture_compression_3dc GL_EXT_packed_float GL_EXT_pixel_buffer_object GL_EXT_texture_compression_dxt1 GL_EXT_texture_compression_rgtc GL_EXT_texture_mirror_clamp GL_EXT_texture_rectangle GL_EXT_texture_sRGB GL_EXT_texture_shared_exponent GL_ARB_framebuffer_object GL_EXT_framebuffer_blit GL_EXT_framebuffer_multisample GL_EXT_packed_depth_stencil GL_ARB_vertex_array_object GL_ATI_separate_stencil GL_ATI_texture_mirror_once GL_EXT_draw_buffers2 GL_EXT_draw_instanced GL_EXT_gpu_program_parameters GL_EXT_texture_array GL_EXT_texture_compression_latc GL_EXT_texture_integer GL_EXT_texture_sRGB_decode GL_EXT_timer_query GL_OES_EGL_image GL_MESA_texture_array GL_ARB_copy_buffer GL_ARB_depth_buffer_float GL_ARB_draw_instanced GL_ARB_half_float_vertex GL_ARB_instanced_arrays GL_ARB_map_buffer_range GL_ARB_texture_rg GL_ARB_texture_swizzle GL_ARB_vertex_array_bgra GL_EXT_separate_shader_objects GL_EXT_texture_swizzle GL_EXT_vertex_array_bgra GL_NV_conditional_render GL_AMD_conservative_depth GL_AMD_draw_buffers_blend GL_AMD_seamless_cubemap_per_texture GL_AMD_shader_stencil_export GL_ARB_ES2_compatibility GL_ARB_blend_func_extended GL_ARB_debug_output GL_ARB_draw_buffers_blend GL_ARB_draw_elements_base_vertex GL_ARB_explicit_attrib_location GL_ARB_fragment_coord_conventions GL_ARB_provoking_vertex GL_ARB_sampler_objects GL_ARB_seamless_cube_map GL_ARB_shader_stencil_export GL_ARB_shader_texture_lod GL_ARB_texture_rgb10_a2ui GL_ARB_vertex_type_2_10_10_10_rev GL_EXT_provoking_vertex GL_EXT_texture_snorm GL_MESA_texture_signed_rgba GL_NV_texture_barrier GL_ARB_robustness GL_ARB_shader_bit_encoding GL_ARB_transform_feedback2 GL_ARB_transform_feedback3 GL_ARB_base_instance GL_ARB_conservative_depth GL_ARB_texture_storage GL_ARB_transform_feedback_instanced GL_EXT_transform_feedback GL_ARB_invalidate_subdata 
14:41:19: Supported GLX extensions: GLX_ARB_create_context GLX_ARB_create_context_profile GLX_ARB_get_proc_address GLX_ARB_multisample GLX_EXT_import_context GLX_EXT_visual_info GLX_EXT_visual_rating GLX_EXT_create_context_es2_profile GLX_MESA_copy_sub_buffer GLX_MESA_multithread_makecurrent GLX_MESA_swap_control GLX_OML_swap_method GLX_OML_sync_control GLX_SGI_make_current_read GLX_SGI_swap_control GLX_SGI_video_sync GLX_SGIS_multisample GLX_SGIX_fbconfig GLX_SGIX_pbuffer GLX_SGIX_visual_select_group GLX_EXT_texture_from_pixmap 
14:41:19: ***************************
14:41:19: *** GL Renderer Started ***
14:41:19: ***************************
14:41:19: Registering ResourceManager for type GpuProgram
14:41:19: GLSL support detected
14:41:19: GL: Using GL_EXT_framebuffer_object for rendering to textures (best)
14:41:19: FBO PF_UNKNOWN depth/stencil support: D0S1 D0S4 D0S8 D0S16 D16S0 D24S0 D32S0 Packed-D24S8 
14:41:19: FBO PF_L8 depth/stencil support: D0S0 D0S1 D0S4 D0S8 D0S16 D16S0 D24S0 D32S0 Packed-D24S8 
14:41:19: FBO PF_L16 depth/stencil support: D0S0 D0S1 D0S4 D0S8 D0S16 D16S0 D24S0 D32S0 Packed-D24S8 
14:41:19: FBO PF_A8 depth/stencil support: D0S0 D0S1 D0S4 D0S8 D0S16 D16S0 D24S0 D32S0 Packed-D24S8 
14:41:19: FBO PF_BYTE_LA depth/stencil support: D0S0 D0S1 D0S4 D0S8 D0S16 D16S0 D24S0 D32S0 Packed-D24S8 
14:41:19: FBO PF_R5G6B5 depth/stencil support: D0S0 D0S1 D0S4 D0S8 D0S16 D16S0 D24S0 D32S0 Packed-D24S8 
14:41:19: FBO PF_B5G6R5 depth/stencil support: D0S0 D0S1 D0S4 D0S8 D0S16 D16S0 D24S0 D32S0 Packed-D24S8 
14:41:19: FBO PF_A4R4G4B4 depth/stencil support: D0S0 D0S1 D0S4 D0S8 D0S16 D16S0 D24S0 D32S0 Packed-D24S8 
14:41:19: FBO PF_A1R5G5B5 depth/stencil support: D0S0 D0S1 D0S4 D0S8 D0S16 D16S0 D24S0 D32S0 Packed-D24S8 
14:41:19: FBO PF_R8G8B8 depth/stencil support: D0S0 D0S1 D0S4 D0S8 D0S16 D16S0 D24S0 D32S0 Packed-D24S8 
14:41:19: FBO PF_B8G8R8 depth/stencil support: D0S0 D0S1 D0S4 D0S8 D0S16 D16S0 D24S0 D32S0 Packed-D24S8 
14:41:19: FBO PF_A8R8G8B8 depth/stencil support: D0S0 D0S1 D0S4 D0S8 D0S16 D16S0 D24S0 D32S0 Packed-D24S8 
14:41:19: FBO PF_B8G8R8A8 depth/stencil support: D0S0 D0S1 D0S4 D0S8 D0S16 D16S0 D24S0 D32S0 Packed-D24S8 
14:41:19: FBO PF_A2R10G10B10 depth/stencil support: D0S0 D0S1 D0S4 D0S8 D0S16 D16S0 D24S0 D32S0 Packed-D24S8 
14:41:19: FBO PF_A2B10G10R10 depth/stencil support: D0S0 D0S1 D0S4 D0S8 D0S16 D16S0 D24S0 D32S0 Packed-D24S8 
14:41:19: FBO PF_FLOAT16_RGB depth/stencil support: D0S0 D0S1 D0S4 D0S8 D0S16 D16S0 D24S0 D32S0 Packed-D24S8 
14:41:19: FBO PF_FLOAT16_RGBA depth/stencil support: D0S0 D0S1 D0S4 D0S8 D0S16 D16S0 D24S0 D32S0 Packed-D24S8 
14:41:19: FBO PF_FLOAT32_RGB depth/stencil support: D0S0 D0S1 D0S4 D0S8 D0S16 D16S0 D24S0 D32S0 Packed-D24S8 
14:41:19: FBO PF_FLOAT32_RGBA depth/stencil support: D0S0 D0S1 D0S4 D0S8 D0S16 D16S0 D24S0 D32S0 Packed-D24S8 
14:41:19: FBO PF_X8R8G8B8 depth/stencil support: D0S0 D0S1 D0S4 D0S8 D0S16 D16S0 D24S0 D32S0 Packed-D24S8 
14:41:19: FBO PF_X8B8G8R8 depth/stencil support: D0S0 D0S1 D0S4 D0S8 D0S16 D16S0 D24S0 D32S0 Packed-D24S8 
14:41:19: FBO PF_SHORT_RGBA depth/stencil support: D0S0 D0S1 D0S4 D0S8 D0S16 D16S0 D24S0 D32S0 Packed-D24S8 
14:41:19: FBO PF_R3G3B2 depth/stencil support: D0S0 D0S1 D0S4 D0S8 D0S16 D16S0 D24S0 D32S0 Packed-D24S8 
14:41:19: FBO PF_FLOAT16_R depth/stencil support: D0S0 D0S1 D0S4 D0S8 D0S16 D16S0 D24S0 D32S0 Packed-D24S8 
14:41:20: FBO PF_FLOAT32_R depth/stencil support: D0S0 D0S1 D0S4 D0S8 D0S16 D16S0 D24S0 D32S0 Packed-D24S8 
14:41:20: FBO PF_SHORT_GR depth/stencil support: D0S0 D0S1 D0S4 D0S8 D0S16 D16S0 D24S0 D32S0 Packed-D24S8 
14:41:20: FBO PF_FLOAT16_GR depth/stencil support: D0S0 D0S1 D0S4 D0S8 D0S16 D16S0 D24S0 D32S0 Packed-D24S8 
14:41:20: FBO PF_FLOAT32_GR depth/stencil support: D0S0 D0S1 D0S4 D0S8 D0S16 D16S0 D24S0 D32S0 Packed-D24S8 
14:41:20: FBO PF_SHORT_RGB depth/stencil support: D0S0 D0S1 D0S4 D0S8 D0S16 D16S0 D24S0 D32S0 Packed-D24S8 
14:41:20: [GL] : Valid FBO targets PF_UNKNOWN PF_L8 PF_L16 PF_A8 PF_BYTE_LA PF_R5G6B5 PF_B5G6R5 PF_A4R4G4B4 PF_A1R5G5B5 PF_R8G8B8 PF_B8G8R8 PF_A8R8G8B8 PF_B8G8R8A8 PF_A2R10G10B10 PF_A2B10G10R10 PF_FLOAT16_RGB PF_FLOAT16_RGBA PF_FLOAT32_RGB PF_FLOAT32_RGBA PF_X8R8G8B8 PF_X8B8G8R8 PF_SHORT_RGBA PF_R3G3B2 PF_FLOAT16_R PF_FLOAT32_R PF_SHORT_GR PF_FLOAT16_GR PF_FLOAT32_GR PF_SHORT_RGB 
14:41:20: RenderSystem capabilities
14:41:20: -------------------------
14:41:20: RenderSystem Name: OpenGL Rendering Subsystem
14:41:20: GPU Vendor: unknown
14:41:20: Device Name: Gallium 0.4 on AMD CEDAR
14:41:20: Driver Version: 2.1.0.0
14:41:20:  * Fixed function pipeline: yes
14:41:20:  * Hardware generation of mipmaps: yes
14:41:20:  * Texture blending: yes
14:41:20:  * Anisotropic texture filtering: yes
14:41:20:  * Dot product texture operation: yes
14:41:20:  * Cube mapping: yes
14:41:20:  * Hardware stencil buffer: yes
14:41:20:    - Stencil depth: 8
14:41:20:    - Two sided stencil support: yes
14:41:20:    - Wrap stencil values: yes
14:41:20:  * Hardware vertex / index buffers: yes
14:41:20:  * Vertex programs: yes
14:41:20:  * Number of floating-point constants for vertex programs: 4096
14:41:20:  * Number of integer constants for vertex programs: 0
14:41:20:  * Number of boolean constants for vertex programs: 0
14:41:20:  * Fragment programs: yes
14:41:20:  * Number of floating-point constants for fragment programs: 4096
14:41:20:  * Number of integer constants for fragment programs: 0
14:41:20:  * Number of boolean constants for fragment programs: 0
14:41:20:  * Geometry programs: no
14:41:20:  * Number of floating-point constants for geometry programs: 0
14:41:20:  * Number of integer constants for geometry programs: 0
14:41:20:  * Number of boolean constants for geometry programs: 0
14:41:20:  * Supported Shader Profiles: arbfp1 arbvp1 glsl
14:41:20:  * Texture Compression: yes
14:41:20:    - DXT: yes
14:41:20:    - VTC: no
14:41:20:    - PVRTC: no
14:41:20:  * Scissor Rectangle: yes
14:41:20:  * Hardware Occlusion Query: yes
14:41:20:  * User clip planes: yes
14:41:20:  * VET_UBYTE4 vertex element type: yes
14:41:20:  * Infinite far plane projection: yes
14:41:20:  * Hardware render-to-texture: yes
14:41:20:  * Floating point textures: yes
14:41:20:  * Non-power-of-two textures: yes
14:41:20:  * Volume textures: yes
14:41:20:  * Multiple Render Targets: 8
14:41:20:    - With different bit depths: yes
14:41:20:  * Point Sprites: yes
14:41:20:  * Extended point parameters: yes
14:41:20:  * Max Point Size: 16384
14:41:20:  * Vertex texture fetch: yes
14:41:20:  * Number of world matrices: 0
14:41:20:  * Number of texture units: 16
14:41:20:  * Stencil buffer depth: 8
14:41:20:  * Number of vertex blend matrices: 0
14:41:20:    - Max vertex textures: 16
14:41:20:    - Vertex textures shared: yes
14:41:20:  * Render to Vertex Buffer : no
14:41:20:  * GL 1.5 without VBO workaround: no
14:41:20:  * Frame Buffer objects: yes
14:41:20:  * Frame Buffer objects (ARB extension): no
14:41:20:  * Frame Buffer objects (ATI extension): no
14:41:20:  * PBuffer support: yes
14:41:20:  * GL 1.5 without HW-occlusion workaround: no
14:41:20:  * Separate shader objects: no
14:41:20: DefaultWorkQueue('Root') initialising on thread main.
14:41:20: Particle Renderer Type 'billboard' registered
14:41:20: SceneManagerFactory for type 'BspSceneManager' registered.
14:41:20: Registering ResourceManager for type BspLevel
14:41:20: SceneManagerFactory for type 'PCZSceneManager' registered.
14:41:20: MovableObjectFactory for type 'PCZLight' registered.
14:41:20: MovableObjectFactory for type 'Portal' registered.
14:41:20: MovableObjectFactory for type 'AntiPortal' registered.
14:41:20: PCZone Factory Type 'ZoneType_Octree' registered
14:41:20: SceneManagerFactory for type 'OctreeSceneManager' registered.
14:41:20: Parsing scripts for resource group Autodetect
14:41:20: Finished parsing scripts for resource group Autodetect
14:41:20: Creating resources for group Autodetect
14:41:20: All done
14:41:20: Parsing scripts for resource group Essential
14:41:20: Parsing script SdkTrays.material
14:41:20: Parsing script OgreProfiler.material
14:41:20: Parsing script SdkTrays.fontdef
14:41:20: Parsing script SdkTrays.overlay
14:41:20: Texture: sdk_cursor.png: Loading 1 faces(PF_A8R8G8B8,32x32x1) with 5 hardware generated mipmaps from Image. Internal format is PF_A8R8G8B8,32x32x1.
14:41:20: Texture: sdk_tray.png: Loading 1 faces(PF_A8R8G8B8,64x64x1) with 5 hardware generated mipmaps from Image. Internal format is PF_A8R8G8B8,64x64x1.
14:41:20: Texture: sdk_button_up.png: Loading 1 faces(PF_A8R8G8B8,128x32x1) with 5 hardware generated mipmaps from Image. Internal format is PF_A8R8G8B8,128x32x1.
14:41:20: Texture: sdk_text_box.png: Loading 1 faces(PF_A8R8G8B8,32x32x1) with 5 hardware generated mipmaps from Image. Internal format is PF_A8R8G8B8,32x32x1.
14:41:20: Texture: sdk_mini_tray.png: Loading 1 faces(PF_A8R8G8B8,32x32x1) with 5 hardware generated mipmaps from Image. Internal format is PF_A8R8G8B8,32x32x1.
14:41:20: Texture: sdk_track.png: Loading 1 faces(PF_A8R8G8B8,16x32x1) with 5 hardware generated mipmaps from Image. Internal format is PF_A8R8G8B8,16x32x1.
14:41:20: Texture: sdk_handle.png: Loading 1 faces(PF_A8R8G8B8,16x16x1) with 4 hardware generated mipmaps from Image. Internal format is PF_A8R8G8B8,16x16x1.
14:41:20: Texture: sdk_mini_text_box.png: Loading 1 faces(PF_A8R8G8B8,32x32x1) with 5 hardware generated mipmaps from Image. Internal format is PF_A8R8G8B8,32x32x1.
14:41:20: Texture: sdk_label.png: Loading 1 faces(PF_A8R8G8B8,32x32x1) with 5 hardware generated mipmaps from Image. Internal format is PF_A8R8G8B8,32x32x1.
14:41:20: Texture: sdk_separator.png: Loading 1 faces(PF_A8R8G8B8,64x16x1) with 5 hardware generated mipmaps from Image. Internal format is PF_A8R8G8B8,64x16x1.
14:41:20: Texture: sdk_logo.png: Loading 1 faces(PF_A8R8G8B8,128x64x1) with 5 hardware generated mipmaps from Image. Internal format is PF_A8R8G8B8,128x64x1.
14:41:20: Texture: sdk_shade.png: Loading 1 faces(PF_A8R8G8B8,64x48x1) with 5 hardware generated mipmaps from Image. Internal format is PF_A8R8G8B8,64x48x1.
14:41:20: Texture: sdk_frame.png: Loading 1 faces(PF_A8R8G8B8,32x32x1) with 5 hardware generated mipmaps from Image. Internal format is PF_A8R8G8B8,32x32x1.
14:41:20: Texture: sdk_mini_text_box_over.png: Loading 1 faces(PF_A8R8G8B8,32x32x1) with 5 hardware generated mipmaps from Image. Internal format is PF_A8R8G8B8,32x32x1.
14:41:20: Texture: sdk_pulse.png: Loading 1 faces(PF_R8G8B8,8x1x1) with 3 hardware generated mipmaps from Image. Internal format is PF_X8R8G8B8,8x1x1.
14:41:20: Finished parsing scripts for resource group Essential
14:41:20: Creating resources for group Essential
14:41:20: All done
14:41:20: Parsing scripts for resource group General
14:41:20: Parsing script Material.material
14:41:20: Finished parsing scripts for resource group General
14:41:20: Creating resources for group General
14:41:20: All done
14:41:20: Parsing scripts for resource group Internal
14:41:20: Finished parsing scripts for resource group Internal
14:41:20: Creating resources for group Internal
14:41:20: All done
14:41:20: Parsing scripts for resource group Popular
14:41:20: Parsing script Instancing.program
14:41:20: Parsing script StdQuad_vp.program
14:41:20: Parsing script Examples.program
14:41:20: Parsing script DualQuaternion.program
14:41:20: Parsing script ShadowCaster.program
14:41:20: Parsing script deferred_post.program
14:41:20: Parsing script RZR-002.material
14:41:20: Parsing script CGSwizzle.material
14:41:20: Parsing script Halftone.material
14:41:20: Parsing script HW_VTFInstancing.material
14:41:20: Parsing script OldMovie.material
14:41:20: Parsing script DepthShadowmap.material
14:41:20: Parsing script instancing.material
14:41:20: Parsing script Example-Water.material
14:41:20: Parsing script Examples-Water.material
14:41:20: Parsing script Laplace.material
14:41:20: Parsing script Hurt.material
14:41:20: Parsing script CompositorDemo.material
14:41:20: Parsing script Ocean.material
14:41:20: Parsing script RadialBlur.material
14:41:20: Parsing script DOF.material
14:41:20: Parsing script VTFInstancing.material
14:41:20: Parsing script Examples-Advanced.material
14:41:20: Compiler error: object unsupported by render system in Examples-Advanced.material(524)
14:41:20: Compiler error: object unsupported by render system in Examples-Advanced.material(787)
14:41:20: Parsing script Penguin.material
14:41:20: Parsing script smoke.material
14:41:20: Parsing script Tiling.material
14:41:20: Parsing script ParticleGS.material
14:41:20: Parsing script NightVision.material
14:41:20: Parsing script ASMSwizzle.material
14:41:20: Compiler error: object unsupported by render system in ASMSwizzle.material(1)
14:41:20: Parsing script HW_VTF_LUTInstancing.material
14:41:20: Parsing script OldTV.material
14:41:20: Parsing script facial.material
14:41:20: Parsing script Embossed.material
14:41:20: Parsing script SharpenEdges.material
14:41:20: Parsing script MRTtest.material
14:41:20: Parsing script Glass.material
14:41:20: Parsing script DualQuaternion.material
14:41:20: Parsing script InstancingMisc.material
14:41:20: Parsing script Invert.material
14:41:20: Parsing script ShaderSystem.material
14:41:20: Parsing script pssm.material
14:41:20: Parsing script IsoSurf.material
14:41:20: Parsing script HeatVision.material
14:41:20: Parsing script BlackAndWhite.material
14:41:20: Parsing script shadows.material
14:41:20: Parsing script Examples.material
14:41:20: Parsing script Posterize.material
14:41:20: Parsing script MotionBlur.material
14:41:20: Parsing script Bloom2.material
14:41:20: Parsing script Ogre.material
14:41:20: Parsing script Examples-DynTex.material
14:41:20: Parsing script hdr.material
14:41:20: Parsing script VarianceShadowmap.material
14:41:20: Parsing script Bloom.material
14:41:20: Parsing script Dither.material
14:41:20: Parsing script GLSLSwizzle.material
14:41:20: Parsing script HWInstancing.material
14:41:20: Parsing script sibenik.material
14:41:20: Parsing script OffsetMapping.material
14:41:20: Compiler error: object unsupported by render system in OffsetMapping.material(35)
14:41:20: Parsing script ShaderInstancing.material
14:41:20: Parsing script ASCII.material
14:41:20: Parsing script deferred_post.material
14:41:20: Parsing script deferred_post_minilight.material
14:41:20: Parsing script ssao.material
14:41:20: Parsing script deferreddemo.material
14:41:20: Parsing script ShadowCaster.material
14:41:20: Parsing script ROOM.material
14:41:20: Parsing script HardwareSkinningShadow.material
14:41:20: Parsing script RTShaderSystem.material
14:41:20: Compiler error: unknown error in RTShaderSystem.material(23): token "rtshader_system" is not recognized
14:41:20: Compiler error: unknown error in RTShaderSystem.material(52): token "rtshader_system" is not recognized
14:41:20: Compiler error: unknown error in RTShaderSystem.material(81): token "rtshader_system" is not recognized
14:41:20: Compiler error: unknown error in RTShaderSystem.material(110): token "rtshader_system" is not recognized
14:41:20: Compiler error: unknown error in RTShaderSystem.material(146): token "rtshader_system" is not recognized
14:41:20: Compiler error: unknown error in RTShaderSystem.material(81): token "rtshader_system" is not recognized
14:41:20: Compiler error: unknown error in RTShaderSystem.material(162): token "rtshader_system" is not recognized
14:41:20: Compiler error: unknown error in RTShaderSystem.material(81): token "rtshader_system" is not recognized
14:41:20: Compiler error: unknown error in RTShaderSystem.material(110): token "rtshader_system" is not recognized
14:41:20: Compiler error: unknown error in RTShaderSystem.material(211): token "rtshader_system" is not recognized
14:41:20: Parsing script DualQuaternionSkinning_Shadow.material
14:41:20: Parsing script ShowNormals.material
14:41:20: Parsing script Crytek.material
14:41:20: Parsing script Volumetric.material
14:41:20: Parsing script CreaseShading.material
14:41:20: Parsing script SSAOPost.material
14:41:20: Parsing script ShowViewPos.material
14:41:20: Parsing script ShowDepth.material
14:41:20: Parsing script HemisphereMC.material
14:41:20: Parsing script GBuffer.material
14:41:20: Parsing script UnsharpMask.material
14:41:20: Parsing script HorizonBased.material
14:41:20: Parsing script RomanBath.material
14:41:20: Parsing script Sinbad.material
14:41:20: Parsing script smoke.particle
14:41:20: Parsing script Examples-Water.particle
14:41:20: Parsing script emitted_emitter.particle
14:41:20: Parsing script Examples.particle
14:41:20: Parsing script Examples.compositor
14:41:20: Parsing script ssao.compositor
14:41:20: Parsing script deferred.compositor
14:41:20: Parsing script SSAO.compositor
14:41:20: Parsing script SSAOPost.compositor
14:41:20: Parsing script sample.fontdef
14:41:20: Finished parsing scripts for resource group Popular
14:41:20: Creating resources for group Popular
14:41:20: All done
14:41:20: Parsing scripts for resource group Tests
14:41:20: Parsing script glow.material
14:41:20: Finished parsing scripts for resource group Tests
14:41:20: Creating resources for group Tests
14:41:20: All done
14:41:20: *** Init of default controller***
14:41:20: Mesh: Loading robot.mesh.
14:41:20: Skeleton: Loading robot.skeleton
14:41:20: Texture: r2skin.jpg: Loading 1 faces(PF_R8G8B8,512x512x1) with 5 hardware generated mipmaps from Image. Internal format is PF_X8R8G8B8,512x512x1.
14:41:20: Texture: rockwall.tga: Loading 1 faces(PF_R8G8B8,256x256x1) with 5 hardware generated mipmaps from Image. Internal format is PF_X8R8G8B8,256x256x1.
15:10:32: DefaultWorkQueue('Root') shutting down on thread main.
15:10:32: PCZone Factory Type 'ZoneType_Octree' unregistered
15:10:32: Unregistering ResourceManager for type BspLevel
15:10:32: *-*-* OGRE Shutdown
15:10:32: Unregistering ResourceManager for type Compositor
15:10:32: Unregistering ResourceManager for type Font
15:10:32: Unregistering ResourceManager for type Skeleton
15:10:32: Unregistering ResourceManager for type Mesh
15:10:32: Unregistering ResourceManager for type HighLevelGpuProgram
15:10:32: Uninstalling plugin: Octree Scene Manager
15:10:32: Plugin successfully uninstalled
15:10:32: Unloading library /usr/src/ogre_src_v1-8-1/build/lib/Plugin_OctreeSceneManager
15:10:32: Uninstalling plugin: Octree Zone Factory
15:10:32: Plugin successfully uninstalled
15:10:32: Unloading library /usr/src/ogre_src_v1-8-1/build/lib/Plugin_OctreeZone
15:10:32: Uninstalling plugin: Portal Connected Zone Scene Manager
15:10:32: Plugin successfully uninstalled
15:10:32: Unloading library /usr/src/ogre_src_v1-8-1/build/lib/Plugin_PCZSceneManager
15:10:32: Uninstalling plugin: BSP Scene Manager
15:10:32: Plugin successfully uninstalled
15:10:32: Unloading library /usr/src/ogre_src_v1-8-1/build/lib/Plugin_BSPSceneManager
15:10:32: Uninstalling plugin: ParticleFX
15:10:32: Plugin successfully uninstalled
15:10:32: Unloading library /usr/src/ogre_src_v1-8-1/build/lib/Plugin_ParticleFX
15:10:32: Uninstalling plugin: GL RenderSystem
15:10:32: Unregistering ResourceManager for type GpuProgram
15:10:32: ******************************
*** Stopping GLX Subsystem ***
******************************
15:10:32: Unregistering ResourceManager for type Texture
15:10:32: Plugin successfully uninstalled
15:10:32: Unloading library /usr/src/ogre_src_v1-8-1/build/lib/RenderSystem_GL
15:10:32: Unregistering ResourceManager for type Material
